           _                 _    
  __ _  __| |_ __ __ _ _ __ | |_  
 / _` |/ _` | '__/ _` | '_ \| __| 
| (_| | (_| | | | (_| | | | | |_  
 \__, |\__,_|_|  \__,_|_| |_|\__| 
    |_|                           

Version: 1.11.4, build: d8b6e4a0
Access web UI at http://localhost:6333/dashboard

2024-09-25T10:00:33.714162Z  INFO storage::content_manager::consensus::persistent: Loading raft state from ./storage/raft_state.json    
2024-09-25T10:00:33.714431Z DEBUG storage::content_manager::consensus::persistent: State: Persistent { state: RaftState { hard_state: HardState { term: 0, vote: 0, commit: 0 }, conf_state: ConfState { voters: [8052277431507788], learners: [], voters_outgoing: [], learners_next: [], auto_leave: false } }, latest_snapshot_meta: SnapshotMetadataSer { term: 0, index: 0 }, apply_progress_queue: EntryApplyProgressQueue(None), peer_address_by_id: RwLock { data: {} }, peer_metadata_by_id: RwLock { data: {} }, cluster_metadata: {}, this_peer_id: 8052277431507788, path: "./storage/raft_state.json", dirty: false }    
2024-09-25T10:00:33.745518Z  INFO storage::content_manager::toc: Loading collection: default    
2024-09-25T10:00:33.941843Z  INFO collection::shards::local_shard: Recovering collection default: 0/1 (0%)    
2024-09-25T10:00:33.983798Z  INFO collection::shards::local_shard: Recovered collection default: 1/1 (100%)    
2024-09-25T10:00:33.986596Z DEBUG qdrant: Loaded collection: default    
2024-09-25T10:00:33.986611Z  INFO qdrant: Distributed mode disabled    
2024-09-25T10:00:33.986627Z  INFO qdrant: Telemetry reporting disabled    
2024-09-25T10:00:33.987139Z DEBUG qdrant: Waiting for thread web to finish    
2024-09-25T10:00:33.988412Z  WARN qdrant::actix::web_ui: Static content folder for Web UI './static' does not exist    
2024-09-25T10:00:33.989062Z  INFO qdrant::actix: TLS disabled for REST API    
2024-09-25T10:00:33.989188Z  INFO qdrant::actix: Qdrant HTTP listening on 6333    
2024-09-25T10:00:33.989206Z  INFO actix_server::builder: Starting 15 workers
2024-09-25T10:00:33.989213Z  INFO actix_server::server: Actix runtime found; starting in Actix runtime
2024-09-25T10:00:33.992387Z  INFO qdrant::tonic: Qdrant gRPC listening on 6334    
2024-09-25T10:00:33.992402Z  INFO qdrant::tonic: TLS disabled for gRPC API    
2024-09-25T10:00:48.226845Z  INFO actix_web::middleware::logger: 127.0.0.1 "POST /collections/default/points/search HTTP/1.1" 200 46 "-" "-" 0.017164    
2024-09-25T10:13:10.882917Z  INFO actix_web::middleware::logger: 127.0.0.1 "POST /collections/default/points/search HTTP/1.1" 200 9736 "-" "-" 0.005050    
2024-09-25T10:15:35.498245Z  INFO actix_web::middleware::logger: 127.0.0.1 "POST /collections/default/points/search HTTP/1.1" 200 9737 "-" "-" 0.013780    
2024-09-25T10:22:22.824635Z  INFO actix_web::middleware::logger: 127.0.0.1 "POST /collections/default/points/search HTTP/1.1" 200 28800 "-" "-" 0.003905    
